 INFO 2023-06-24 16:47:02,101 org.springframework.web.context.ContextLoader: Root WebApplicationContext: initialization started
 INFO 2023-06-24 16:47:02,145 org.springframework.context.support.AbstractApplicationContext: Refreshing Root WebApplicationContext: startup date [Sat Jun 24 16:47:02 CST 2023]; root of context hierarchy
 INFO 2023-06-24 16:47:02,172 org.springframework.beans.factory.xml.XmlBeanDefinitionReader: Loading XML bean definitions from class path resource [applicationContext.xml]
 INFO 2023-06-24 16:47:02,360 org.springframework.core.io.support.PropertiesLoaderSupport: Loading properties file from class path resource [jdbc.properties]
 INFO 2023-06-24 16:47:02,367 org.springframework.beans.factory.annotation.AutowiredAnnotationBeanPostProcessor: JSR-330 'javax.inject.Inject' annotation found and supported for autowiring
 INFO 2023-06-24 16:47:02,795 org.springframework.web.context.ContextLoader: Root WebApplicationContext: initialization completed in 693 ms
 INFO 2023-06-24 16:47:02,816 org.springframework.web.servlet.FrameworkServlet: FrameworkServlet 'springmvc': initialization started
 INFO 2023-06-24 16:47:02,817 org.springframework.context.support.AbstractApplicationContext: Refreshing WebApplicationContext for namespace 'springmvc-servlet': startup date [Sat Jun 24 16:47:02 CST 2023]; parent: Root WebApplicationContext
 INFO 2023-06-24 16:47:02,817 org.springframework.beans.factory.xml.XmlBeanDefinitionReader: Loading XML bean definitions from class path resource [springmvc.xml]
 INFO 2023-06-24 16:47:02,938 org.springframework.beans.factory.annotation.AutowiredAnnotationBeanPostProcessor: JSR-330 'javax.inject.Inject' annotation found and supported for autowiring
 INFO 2023-06-24 16:47:03,046 org.springframework.web.servlet.handler.AbstractHandlerMethodMapping$MappingRegistry: Mapped "{[/department/getAll]}" onto public com.team.hospital.util.Result<java.util.List<com.team.hospital.entity.Department>> com.team.hospital.controller.DepartmentController.getAll()
 INFO 2023-06-24 16:47:03,047 org.springframework.web.servlet.handler.AbstractHandlerMethodMapping$MappingRegistry: Mapped "{[/medical/add]}" onto public com.team.hospital.util.Result com.team.hospital.controller.MedicalController.add(com.team.hospital.entity.MedicalAdvice)
 INFO 2023-06-24 16:47:03,047 org.springframework.web.servlet.handler.AbstractHandlerMethodMapping$MappingRegistry: Mapped "{[/patient/add]}" onto public com.team.hospital.util.Result com.team.hospital.controller.PatientController.add(com.team.hospital.entity.Patient)
 INFO 2023-06-24 16:47:03,047 org.springframework.web.servlet.handler.AbstractHandlerMethodMapping$MappingRegistry: Mapped "{[/patient/getPatient2]}" onto public com.team.hospital.util.Result<com.team.hospital.entity.Patient> com.team.hospital.controller.PatientController.getPatient2(java.lang.Long)
 INFO 2023-06-24 16:47:03,048 org.springframework.web.servlet.handler.AbstractHandlerMethodMapping$MappingRegistry: Mapped "{[/patient/getPatient]}" onto public com.team.hospital.util.Result<com.team.hospital.entity.Patient> com.team.hospital.controller.PatientController.getPatient(java.lang.String)
 INFO 2023-06-24 16:47:03,048 org.springframework.web.servlet.handler.AbstractHandlerMethodMapping$MappingRegistry: Mapped "{[/registry/save]}" onto public com.team.hospital.util.Result com.team.hospital.controller.RegistryController.save(com.team.hospital.entity.Registry)
 INFO 2023-06-24 16:47:03,049 org.springframework.web.servlet.handler.AbstractHandlerMethodMapping$MappingRegistry: Mapped "{[/registry/regDesc]}" onto public com.team.hospital.util.Result<com.team.hospital.dto.RegistryDescDto> com.team.hospital.controller.RegistryController.regDesc(java.lang.Long)
 INFO 2023-06-24 16:47:03,049 org.springframework.web.servlet.handler.AbstractHandlerMethodMapping$MappingRegistry: Mapped "{[/registry/regSearch]}" onto public com.team.hospital.util.Result<java.util.Map<java.lang.String, java.lang.Object>> com.team.hospital.controller.RegistryController.regSearch(com.team.hospital.util.RegCondition)
 INFO 2023-06-24 16:47:03,049 org.springframework.web.servlet.handler.AbstractHandlerMethodMapping$MappingRegistry: Mapped "{[/room/getRoomByD]}" onto public com.team.hospital.util.Result<com.team.hospital.dto.RoomDto> com.team.hospital.controller.RoomController.getRoomByD(java.lang.Long,java.lang.Long,java.lang.Byte)
 INFO 2023-06-24 16:47:03,050 org.springframework.web.servlet.handler.AbstractHandlerMethodMapping$MappingRegistry: Mapped "{[/test]}" onto public com.team.hospital.util.Result<java.lang.String[]> com.team.hospital.controller.TestController.test()
 INFO 2023-06-24 16:47:03,053 org.springframework.web.servlet.handler.AbstractHandlerMethodMapping$MappingRegistry: Mapped "{[/user/getMenu]}" onto public com.team.hospital.util.Result<java.util.List<com.team.hospital.dto.MenuDto>> com.team.hospital.controller.UserController.getMenu(java.lang.Long)
 INFO 2023-06-24 16:47:03,053 org.springframework.web.servlet.handler.AbstractHandlerMethodMapping$MappingRegistry: Mapped "{[/user/userList]}" onto public com.team.hospital.util.Result<java.util.Map<java.lang.String, java.lang.Object>> com.team.hospital.controller.UserController.userList(com.team.hospital.util.PageParmeter)
 INFO 2023-06-24 16:47:03,054 org.springframework.web.servlet.handler.AbstractHandlerMethodMapping$MappingRegistry: Mapped "{[/user/addUser]}" onto public com.team.hospital.util.Result com.team.hospital.controller.UserController.addUser(com.team.hospital.entity.SysUsers,javax.servlet.http.HttpSession)
 INFO 2023-06-24 16:47:03,054 org.springframework.web.servlet.handler.AbstractHandlerMethodMapping$MappingRegistry: Mapped "{[/user/login]}" onto public com.team.hospital.util.Result<com.team.hospital.entity.SysUsers> com.team.hospital.controller.UserController.login(java.lang.String,java.lang.String,javax.servlet.http.HttpSession)
 INFO 2023-06-24 16:47:03,054 org.springframework.web.servlet.handler.AbstractHandlerMethodMapping$MappingRegistry: Mapped "{[/user/delUser]}" onto public com.team.hospital.util.Result com.team.hospital.controller.UserController.delUser(java.lang.Long)
 INFO 2023-06-24 16:47:03,054 org.springframework.web.servlet.handler.AbstractHandlerMethodMapping$MappingRegistry: Mapped "{[/user/getUserById]}" onto public com.team.hospital.util.Result<com.team.hospital.entity.SysUsers> com.team.hospital.controller.UserController.getUserById(java.lang.Long)
 INFO 2023-06-24 16:47:03,054 org.springframework.web.servlet.handler.AbstractHandlerMethodMapping$MappingRegistry: Mapped "{[/user/updateUser]}" onto public com.team.hospital.util.Result com.team.hospital.controller.UserController.updateUser(com.team.hospital.entity.SysUsers,javax.servlet.http.HttpSession)
 INFO 2023-06-24 16:47:03,054 org.springframework.web.servlet.handler.AbstractHandlerMethodMapping$MappingRegistry: Mapped "{[/user/getUserByType]}" onto public com.team.hospital.util.Result<java.util.List<com.team.hospital.dto.UserDto>> com.team.hospital.controller.UserController.getUserByType(java.lang.Byte)
 INFO 2023-06-24 16:47:03,054 org.springframework.web.servlet.handler.AbstractHandlerMethodMapping$MappingRegistry: Mapped "{[/user/uploadFile]}" onto public com.team.hospital.util.Result<java.lang.String> com.team.hospital.controller.UserController.uploadFile(org.springframework.web.multipart.commons.CommonsMultipartFile)
 INFO 2023-06-24 16:47:03,055 org.springframework.web.servlet.handler.AbstractHandlerMethodMapping$MappingRegistry: Mapped "{[/user/getUserByDt]}" onto public com.team.hospital.util.Result<java.util.List<com.team.hospital.entity.SysUsers>> com.team.hospital.controller.UserController.getUserByDt(java.lang.Long,java.lang.Byte)
 INFO 2023-06-24 16:47:03,055 org.springframework.web.servlet.handler.AbstractHandlerMethodMapping$MappingRegistry: Mapped "{[/user/getUserByD],methods=[GET]}" onto public com.team.hospital.util.Result<java.util.List<com.team.hospital.dto.UserDto>> com.team.hospital.controller.UserController.getUserByD(java.lang.Long)
 INFO 2023-06-24 16:47:03,248 org.springframework.web.servlet.mvc.method.annotation.RequestMappingHandlerAdapter: Looking for @ControllerAdvice: WebApplicationContext for namespace 'springmvc-servlet': startup date [Sat Jun 24 16:47:02 CST 2023]; parent: Root WebApplicationContext
 INFO 2023-06-24 16:47:03,273 org.springframework.web.servlet.mvc.method.annotation.RequestMappingHandlerAdapter: Looking for @ControllerAdvice: WebApplicationContext for namespace 'springmvc-servlet': startup date [Sat Jun 24 16:47:02 CST 2023]; parent: Root WebApplicationContext
 INFO 2023-06-24 16:47:03,304 org.springframework.web.servlet.handler.AbstractUrlHandlerMapping: Mapped URL path [/**] onto handler 'org.springframework.web.servlet.resource.DefaultServletHttpRequestHandler#0'
 INFO 2023-06-24 16:47:03,337 org.springframework.web.servlet.FrameworkServlet: FrameworkServlet 'springmvc': initialization completed in 521 ms
